Determining if the pthread_create exist failed with the following output:
Change Dir: /home/mech-user/Desktop/soft3/class2_RobotProgramming/enshu_ws/build/dynamixel_7dof_arm/CMakeFiles/CMakeTmp

Run Build Command:"/usr/bin/make" "cmTC_d29e6/fast"
/usr/bin/make -f CMakeFiles/cmTC_d29e6.dir/build.make CMakeFiles/cmTC_d29e6.dir/build
make[1]: ディレクトリ '/home/mech-user/Desktop/soft3/class2_RobotProgramming/enshu_ws/build/dynamixel_7dof_arm/CMakeFiles/CMakeTmp' に入ります
Building C object CMakeFiles/cmTC_d29e6.dir/CheckSymbolExists.c.o
/usr/bin/cc    -o CMakeFiles/cmTC_d29e6.dir/CheckSymbolExists.c.o   -c /home/mech-user/Desktop/soft3/class2_RobotProgramming/enshu_ws/build/dynamixel_7dof_arm/CMakeFiles/CMakeTmp/CheckSymbolExists.c
Linking C executable cmTC_d29e6
/usr/bin/cmake -E cmake_link_script CMakeFiles/cmTC_d29e6.dir/link.txt --verbose=1
/usr/bin/cc      -rdynamic CMakeFiles/cmTC_d29e6.dir/CheckSymbolExists.c.o  -o cmTC_d29e6 
CMakeFiles/cmTC_d29e6.dir/CheckSymbolExists.c.o: 関数 `main' 内:
CheckSymbolExists.c:(.text+0x1b): `pthread_create' に対する定義されていない参照です
collect2: error: ld returned 1 exit status
CMakeFiles/cmTC_d29e6.dir/build.make:97: recipe for target 'cmTC_d29e6' failed
make[1]: *** [cmTC_d29e6] Error 1
make[1]: ディレクトリ '/home/mech-user/Desktop/soft3/class2_RobotProgramming/enshu_ws/build/dynamixel_7dof_arm/CMakeFiles/CMakeTmp' から出ます
Makefile:126: recipe for target 'cmTC_d29e6/fast' failed
make: *** [cmTC_d29e6/fast] Error 2

File /home/mech-user/Desktop/soft3/class2_RobotProgramming/enshu_ws/build/dynamixel_7dof_arm/CMakeFiles/CMakeTmp/CheckSymbolExists.c:
/* */
#include <pthread.h>

int main(int argc, char** argv)
{
  (void)argv;
#ifndef pthread_create
  return ((int*)(&pthread_create))[argc];
#else
  (void)argc;
  return 0;
#endif
}

Determining if the function pthread_create exists in the pthreads failed with the following output:
Change Dir: /home/mech-user/Desktop/soft3/class2_RobotProgramming/enshu_ws/build/dynamixel_7dof_arm/CMakeFiles/CMakeTmp

Run Build Command:"/usr/bin/make" "cmTC_e4228/fast"
/usr/bin/make -f CMakeFiles/cmTC_e4228.dir/build.make CMakeFiles/cmTC_e4228.dir/build
make[1]: ディレクトリ '/home/mech-user/Desktop/soft3/class2_RobotProgramming/enshu_ws/build/dynamixel_7dof_arm/CMakeFiles/CMakeTmp' に入ります
Building C object CMakeFiles/cmTC_e4228.dir/CheckFunctionExists.c.o
/usr/bin/cc   -DCHECK_FUNCTION_EXISTS=pthread_create   -o CMakeFiles/cmTC_e4228.dir/CheckFunctionExists.c.o   -c /usr/share/cmake-3.10/Modules/CheckFunctionExists.c
Linking C executable cmTC_e4228
/usr/bin/cmake -E cmake_link_script CMakeFiles/cmTC_e4228.dir/link.txt --verbose=1
/usr/bin/cc  -DCHECK_FUNCTION_EXISTS=pthread_create    -rdynamic CMakeFiles/cmTC_e4228.dir/CheckFunctionExists.c.o  -o cmTC_e4228 -lpthreads 
/usr/bin/ld: -lpthreads が見つかりません
collect2: error: ld returned 1 exit status
CMakeFiles/cmTC_e4228.dir/build.make:97: recipe for target 'cmTC_e4228' failed
make[1]: *** [cmTC_e4228] Error 1
make[1]: ディレクトリ '/home/mech-user/Desktop/soft3/class2_RobotProgramming/enshu_ws/build/dynamixel_7dof_arm/CMakeFiles/CMakeTmp' から出ます
Makefile:126: recipe for target 'cmTC_e4228/fast' failed
make: *** [cmTC_e4228/fast] Error 2


