Determining if the pthread_create exist failed with the following output:
Change Dir: /home/mech-user/Desktop/soft3/class2_RobotProgramming/enshu_ws/build/turtleboteus/CMakeFiles/CMakeTmp

Run Build Command:"/usr/bin/make" "cmTC_08ba8/fast"
/usr/bin/make -f CMakeFiles/cmTC_08ba8.dir/build.make CMakeFiles/cmTC_08ba8.dir/build
make[1]: ディレクトリ '/home/mech-user/Desktop/soft3/class2_RobotProgramming/enshu_ws/build/turtleboteus/CMakeFiles/CMakeTmp' に入ります
Building C object CMakeFiles/cmTC_08ba8.dir/CheckSymbolExists.c.o
/usr/bin/cc    -o CMakeFiles/cmTC_08ba8.dir/CheckSymbolExists.c.o   -c /home/mech-user/Desktop/soft3/class2_RobotProgramming/enshu_ws/build/turtleboteus/CMakeFiles/CMakeTmp/CheckSymbolExists.c
Linking C executable cmTC_08ba8
/usr/bin/cmake -E cmake_link_script CMakeFiles/cmTC_08ba8.dir/link.txt --verbose=1
/usr/bin/cc      -rdynamic CMakeFiles/cmTC_08ba8.dir/CheckSymbolExists.c.o  -o cmTC_08ba8 
CMakeFiles/cmTC_08ba8.dir/CheckSymbolExists.c.o: 関数 `main' 内:
CheckSymbolExists.c:(.text+0x1b): `pthread_create' に対する定義されていない参照です
collect2: error: ld returned 1 exit status
CMakeFiles/cmTC_08ba8.dir/build.make:97: recipe for target 'cmTC_08ba8' failed
make[1]: *** [cmTC_08ba8] Error 1
make[1]: ディレクトリ '/home/mech-user/Desktop/soft3/class2_RobotProgramming/enshu_ws/build/turtleboteus/CMakeFiles/CMakeTmp' から出ます
Makefile:126: recipe for target 'cmTC_08ba8/fast' failed
make: *** [cmTC_08ba8/fast] Error 2

File /home/mech-user/Desktop/soft3/class2_RobotProgramming/enshu_ws/build/turtleboteus/CMakeFiles/CMakeTmp/CheckSymbolExists.c:
/* */
#include <pthread.h>

int main(int argc, char** argv)
{
  (void)argv;
#ifndef pthread_create
  return ((int*)(&pthread_create))[argc];
#else
  (void)argc;
  return 0;
#endif
}

Determining if the function pthread_create exists in the pthreads failed with the following output:
Change Dir: /home/mech-user/Desktop/soft3/class2_RobotProgramming/enshu_ws/build/turtleboteus/CMakeFiles/CMakeTmp

Run Build Command:"/usr/bin/make" "cmTC_3c60a/fast"
/usr/bin/make -f CMakeFiles/cmTC_3c60a.dir/build.make CMakeFiles/cmTC_3c60a.dir/build
make[1]: ディレクトリ '/home/mech-user/Desktop/soft3/class2_RobotProgramming/enshu_ws/build/turtleboteus/CMakeFiles/CMakeTmp' に入ります
Building C object CMakeFiles/cmTC_3c60a.dir/CheckFunctionExists.c.o
/usr/bin/cc   -DCHECK_FUNCTION_EXISTS=pthread_create   -o CMakeFiles/cmTC_3c60a.dir/CheckFunctionExists.c.o   -c /usr/share/cmake-3.10/Modules/CheckFunctionExists.c
Linking C executable cmTC_3c60a
/usr/bin/cmake -E cmake_link_script CMakeFiles/cmTC_3c60a.dir/link.txt --verbose=1
/usr/bin/cc  -DCHECK_FUNCTION_EXISTS=pthread_create    -rdynamic CMakeFiles/cmTC_3c60a.dir/CheckFunctionExists.c.o  -o cmTC_3c60a -lpthreads 
/usr/bin/ld: -lpthreads が見つかりません
collect2: error: ld returned 1 exit status
CMakeFiles/cmTC_3c60a.dir/build.make:97: recipe for target 'cmTC_3c60a' failed
make[1]: *** [cmTC_3c60a] Error 1
make[1]: ディレクトリ '/home/mech-user/Desktop/soft3/class2_RobotProgramming/enshu_ws/build/turtleboteus/CMakeFiles/CMakeTmp' から出ます
Makefile:126: recipe for target 'cmTC_3c60a/fast' failed
make: *** [cmTC_3c60a/fast] Error 2


